# JRE version: OpenJDK Runtime Environment Temurin-21.0.10+7 (21.0.10+7) (build 21.0.10+7-LTS)
# Java VM: OpenJDK 64-Bit Server VM Temurin-21.0.10+7 (21.0.10+7-LTS, mixed mode, sharing, tiered, compressed oops, compressed class ptrs, parallel gc, windows-amd64)
GC Precious Log:
 CardTable entry size: 512
 CPUs: 20 total, 20 available
 Memory: 16008M
 Large Page Support: Disabled
 NUMA Support: Disabled
 Compressed Oops: Enabled (32-bit)
 Alignments: Space 512K, Generation 512K, Heap 2M
 Heap Min Capacity: 100M
 Heap Initial Capacity: 100M
 Heap Max Capacity: 2G
 Pre-touch: Disabled
 Parallel Workers: 15
Heap:
 PSYoungGen      total 6144K, used 3710K [0x00000000d5580000, 0x00000000d5e80000, 0x0000000100000000)
  eden space 4096K, 44% used [0x00000000d5580000,0x00000000d5748390,0x00000000d5980000)
  from space 2048K, 92% used [0x00000000d5980000,0x00000000d5b57520,0x00000000d5b80000)
  to   space 2048K, 0% used [0x00000000d5c80000,0x00000000d5c80000,0x00000000d5e80000)
 ParOldGen       total 692736K, used 270702K [0x0000000080000000, 0x00000000aa480000, 0x00000000d5580000)
  object space 692736K, 39% used [0x0000000080000000,0x000000009085b9b0,0x00000000aa480000)
 Metaspace       used 76096K, committed 77440K, reserved 1179648K
  class space    used 7747K, committed 8320K, reserved 1048576K
GC Heap History (20 events):
Event: 18161.468 GC heap before
{Heap before GC invocations=1286 (full 4):
 PSYoungGen      total 1536K, used 1280K [0x00000000d5580000, 0x00000000d5980000, 0x0000000100000000)
  eden space 512K, 100% used [0x00000000d5580000,0x00000000d5600000,0x00000000d5600000)
  from space 1024K, 75% used [0x00000000d5600000,0x00000000d56c0000,0x00000000d5700000)
  to   space 1536K, 0% used [0x00000000d5800000,0x00000000d5800000,0x00000000d5980000)
 ParOldGen       total 692736K, used 262254K [0x0000000080000000, 0x00000000aa480000, 0x00000000d5580000)
  object space 692736K, 37% used [0x0000000080000000,0x000000009001bb90,0x00000000aa480000)
 Metaspace       used 76094K, committed 77440K, reserved 1179648K
  class space    used 7747K, committed 8320K, reserved 1048576K
}
Event: 18161.471 GC heap after
{Heap after GC invocations=1286 (full 4):
 PSYoungGen      total 2048K, used 736K [0x00000000d5580000, 0x00000000d5900000, 0x0000000100000000)
  eden space 1024K, 0% used [0x00000000d5580000,0x00000000d5580000,0x00000000d5680000)
  from space 1024K, 71% used [0x00000000d5800000,0x00000000d58b8000,0x00000000d5900000)
  to   space 1024K, 0% used [0x00000000d5700000,0x00000000d5700000,0x00000000d5800000)
 ParOldGen       total 692736K, used 262822K [0x0000000080000000, 0x00000000aa480000, 0x00000000d5580000)
  object space 692736K, 37% used [0x0000000080000000,0x00000000900a9b90,0x00000000aa480000)
 Metaspace       used 76094K, committed 77440K, reserved 1179648K
  class space    used 7747K, committed 8320K, reserved 1048576K
}
Event: 18161.474 GC heap before
{Heap before GC invocations=1287 (full 4):
 PSYoungGen      total 2048K, used 1760K [0x00000000d5580000, 0x00000000d5900000, 0x0000000100000000)
  eden space 1024K, 100% used [0x00000000d5580000,0x00000000d5680000,0x00000000d5680000)
  from space 1024K, 71% used [0x00000000d5800000,0x00000000d58b8000,0x00000000d5900000)
  to   space 1024K, 0% used [0x00000000d5700000,0x00000000d5700000,0x00000000d5800000)
 ParOldGen       total 692736K, used 262822K [0x0000000080000000, 0x00000000aa480000, 0x00000000d5580000)
  object space 692736K, 37% used [0x0000000080000000,0x00000000900a9b90,0x00000000aa480000)
 Metaspace       used 76094K, committed 77440K, reserved 1179648K
  class space    used 7747K, committed 8320K, reserved 1048576K
}
Event: 18161.476 GC heap after
{Heap after GC invocations=1287 (full 4):
 PSYoungGen      total 2560K, used 1024K [0x00000000d5580000, 0x00000000d5b00000, 0x0000000100000000)
  eden space 1536K, 0% used [0x00000000d5580000,0x00000000d5580000,0x00000000d5700000)
  from space 1024K, 100% used [0x00000000d5700000,0x00000000d5800000,0x00000000d5800000)
  to   space 2048K, 0% used [0x00000000d5900000,0x00000000d5900000,0x00000000d5b00000)
 ParOldGen       total 692736K, used 263430K [0x0000000080000000, 0x00000000aa480000, 0x00000000d5580000)
  object space 692736K, 38% used [0x0000000080000000,0x0000000090141b90,0x00000000aa480000)
 Metaspace       used 76094K, committed 77440K, reserved 1179648K
  class space    used 7747K, committed 8320K, reserved 1048576K
}
Event: 18161.484 GC heap before
{Heap before GC invocations=1288 (full 4):
 PSYoungGen      total 2560K, used 2559K [0x00000000d5580000, 0x00000000d5b00000, 0x0000000100000000)
  eden space 1536K, 99% used [0x00000000d5580000,0x00000000d56fffc8,0x00000000d5700000)
  from space 1024K, 100% used [0x00000000d5700000,0x00000000d5800000,0x00000000d5800000)
  to   space 2048K, 0% used [0x00000000d5900000,0x00000000d5900000,0x00000000d5b00000)
 ParOldGen       total 692736K, used 263430K [0x0000000080000000, 0x00000000aa480000, 0x00000000d5580000)
  object space 692736K, 38% used [0x0000000080000000,0x0000000090141b90,0x00000000aa480000)
 Metaspace       used 76096K, committed 77440K, reserved 1179648K
  class space    used 7747K, committed 8320K, reserved 1048576K
}
Event: 18161.488 GC heap after
{Heap after GC invocations=1288 (full 4):
 PSYoungGen      total 3584K, used 1629K [0x00000000d5580000, 0x00000000d5b80000, 0x0000000100000000)
  eden space 1536K, 0% used [0x00000000d5580000,0x00000000d5580000,0x00000000d5700000)
  from space 2048K, 79% used [0x00000000d5900000,0x00000000d5a97520,0x00000000d5b00000)
  to   space 2048K, 0% used [0x00000000d5700000,0x00000000d5700000,0x00000000d5900000)
 ParOldGen       total 692736K, used 264502K [0x0000000080000000, 0x00000000aa480000, 0x00000000d5580000)
  object space 692736K, 38% used [0x0000000080000000,0x000000009024db90,0x00000000aa480000)
 Metaspace       used 76096K, committed 77440K, reserved 1179648K
  class space    used 7747K, committed 8320K, reserved 1048576K
}
Event: 18161.493 GC heap before
{Heap before GC invocations=1289 (full 4):
 PSYoungGen      total 3584K, used 3165K [0x00000000d5580000, 0x00000000d5b80000, 0x0000000100000000)
  eden space 1536K, 100% used [0x00000000d5580000,0x00000000d5700000,0x00000000d5700000)
  from space 2048K, 79% used [0x00000000d5900000,0x00000000d5a97520,0x00000000d5b00000)
  to   space 2048K, 0% used [0x00000000d5700000,0x00000000d5700000,0x00000000d5900000)
 ParOldGen       total 692736K, used 264502K [0x0000000080000000, 0x00000000aa480000, 0x00000000d5580000)
  object space 692736K, 38% used [0x0000000080000000,0x000000009024db90,0x00000000aa480000)
 Metaspace       used 76096K, committed 77440K, reserved 1179648K
  class space    used 7747K, committed 8320K, reserved 1048576K
}
Event: 18161.499 GC heap after
{Heap after GC invocations=1289 (full 4):
 PSYoungGen      total 3584K, used 1632K [0x00000000d5580000, 0x00000000d5b80000, 0x0000000100000000)
  eden space 1536K, 0% used [0x00000000d5580000,0x00000000d5580000,0x00000000d5700000)
  from space 2048K, 79% used [0x00000000d5700000,0x00000000d5898000,0x00000000d5900000)
  to   space 2048K, 0% used [0x00000000d5980000,0x00000000d5980000,0x00000000d5b80000)
 ParOldGen       total 692736K, used 265900K [0x0000000080000000, 0x00000000aa480000, 0x00000000d5580000)
  object space 692736K, 38% used [0x0000000080000000,0x00000000903ab0b0,0x00000000aa480000)
 Metaspace       used 76096K, committed 77440K, reserved 1179648K
  class space    used 7747K, committed 8320K, reserved 1048576K
}
Event: 18185.716 GC heap before
{Heap before GC invocations=1290 (full 4):
 PSYoungGen      total 3584K, used 3168K [0x00000000d5580000, 0x00000000d5b80000, 0x0000000100000000)
  eden space 1536K, 100% used [0x00000000d5580000,0x00000000d5700000,0x00000000d5700000)
  from space 2048K, 79% used [0x00000000d5700000,0x00000000d5898000,0x00000000d5900000)
  to   space 2048K, 0% used [0x00000000d5980000,0x00000000d5980000,0x00000000d5b80000)
 ParOldGen       total 692736K, used 265900K [0x0000000080000000, 0x00000000aa480000, 0x00000000d5580000)
  object space 692736K, 38% used [0x0000000080000000,0x00000000903ab0b0,0x00000000aa480000)
 Metaspace       used 76096K, committed 77440K, reserved 1179648K
  class space    used 7747K, committed 8320K, reserved 1048576K
}
Event: 18185.723 GC heap after
{Heap after GC invocations=1290 (full 4):
 PSYoungGen      total 3072K, used 992K [0x00000000d5580000, 0x00000000d5a80000, 0x0000000100000000)
  eden space 2048K, 0% used [0x00000000d5580000,0x00000000d5580000,0x00000000d5780000)
  from space 1024K, 96% used [0x00000000d5980000,0x00000000d5a78000,0x00000000d5a80000)
  to   space 1536K, 0% used [0x00000000d5780000,0x00000000d5780000,0x00000000d5900000)
 ParOldGen       total 692736K, used 267452K [0x0000000080000000, 0x00000000aa480000, 0x00000000d5580000)
  object space 692736K, 38% used [0x0000000080000000,0x000000009052f0b0,0x00000000aa480000)
 Metaspace       used 76096K, committed 77440K, reserved 1179648K
  class space    used 7747K, committed 8320K, reserved 1048576K
}
Event: 18185.729 GC heap before
{Heap before GC invocations=1291 (full 4):
 PSYoungGen      total 3072K, used 3040K [0x00000000d5580000, 0x00000000d5a80000, 0x0000000100000000)
  eden space 2048K, 100% used [0x00000000d5580000,0x00000000d5780000,0x00000000d5780000)
  from space 1024K, 96% used [0x00000000d5980000,0x00000000d5a78000,0x00000000d5a80000)
  to   space 1536K, 0% used [0x00000000d5780000,0x00000000d5780000,0x00000000d5900000)
 ParOldGen       total 692736K, used 267452K [0x0000000080000000, 0x00000000aa480000, 0x00000000d5580000)
  object space 692736K, 38% used [0x0000000080000000,0x000000009052f0b0,0x00000000aa480000)
 Metaspace       used 76096K, committed 77440K, reserved 1179648K
  class space    used 7747K, committed 8320K, reserved 1048576K
}
Event: 18185.734 GC heap after
{Heap after GC invocations=1291 (full 4):
 PSYoungGen      total 3584K, used 1533K [0x00000000d5580000, 0x00000000d5e00000, 0x0000000100000000)
  eden space 2048K, 0% used [0x00000000d5580000,0x00000000d5580000,0x00000000d5780000)
  from space 1536K, 99% used [0x00000000d5780000,0x00000000d58ff520,0x00000000d5900000)
  to   space 3072K, 0% used [0x00000000d5b00000,0x00000000d5b00000,0x00000000d5e00000)
 ParOldGen       total 692736K, used 268521K [0x0000000080000000, 0x00000000aa480000, 0x00000000d5580000)
  object space 692736K, 38% used [0x0000000080000000,0x000000009063a530,0x00000000aa480000)
 Metaspace       used 76096K, committed 77440K, reserved 1179648K
  class space    used 7747K, committed 8320K, reserved 1048576K
}
Event: 18185.740 GC heap before
{Heap before GC invocations=1292 (full 4):
 PSYoungGen      total 3584K, used 3581K [0x00000000d5580000, 0x00000000d5e00000, 0x0000000100000000)
  eden space 2048K, 100% used [0x00000000d5580000,0x00000000d5780000,0x00000000d5780000)
  from space 1536K, 99% used [0x00000000d5780000,0x00000000d58ff520,0x00000000d5900000)
  to   space 3072K, 0% used [0x00000000d5b00000,0x00000000d5b00000,0x00000000d5e00000)
 ParOldGen       total 692736K, used 268521K [0x0000000080000000, 0x00000000aa480000, 0x00000000d5580000)
  object space 692736K, 38% used [0x0000000080000000,0x000000009063a530,0x00000000aa480000)
 Metaspace       used 76096K, committed 77440K, reserved 1179648K
  class space    used 7747K, committed 8320K, reserved 1048576K
}
Event: 18185.742 GC heap after
{Heap after GC invocations=1292 (full 4):
 PSYoungGen      total 3072K, used 32K [0x00000000d5580000, 0x00000000d5b80000, 0x0000000100000000)
  eden space 2560K, 0% used [0x00000000d5580000,0x00000000d5580000,0x00000000d5800000)
  from space 512K, 6% used [0x00000000d5b00000,0x00000000d5b08000,0x00000000d5b80000)
  to   space 1024K, 0% used [0x00000000d5980000,0x00000000d5980000,0x00000000d5a80000)
 ParOldGen       total 692736K, used 268729K [0x0000000080000000, 0x00000000aa480000, 0x00000000d5580000)
  object space 692736K, 38% used [0x0000000080000000,0x000000009066e530,0x00000000aa480000)
 Metaspace       used 76096K, committed 77440K, reserved 1179648K
  class space    used 7747K, committed 8320K, reserved 1048576K
}
Event: 18185.749 GC heap before
{Heap before GC invocations=1293 (full 4):
 PSYoungGen      total 3072K, used 2592K [0x00000000d5580000, 0x00000000d5b80000, 0x0000000100000000)
  eden space 2560K, 100% used [0x00000000d5580000,0x00000000d5800000,0x00000000d5800000)
  from space 512K, 6% used [0x00000000d5b00000,0x00000000d5b08000,0x00000000d5b80000)
  to   space 1024K, 0% used [0x00000000d5980000,0x00000000d5980000,0x00000000d5a80000)
 ParOldGen       total 692736K, used 268729K [0x0000000080000000, 0x00000000aa480000, 0x00000000d5580000)
  object space 692736K, 38% used [0x0000000080000000,0x000000009066e530,0x00000000aa480000)
 Metaspace       used 76096K, committed 77440K, reserved 1179648K
  class space    used 7747K, committed 8320K, reserved 1048576K
}
Event: 18185.754 GC heap after
{Heap after GC invocations=1293 (full 4):
 PSYoungGen      total 4096K, used 1021K [0x00000000d5580000, 0x00000000d5e80000, 0x0000000100000000)
  eden space 3072K, 0% used [0x00000000d5580000,0x00000000d5580000,0x00000000d5880000)
  from space 1024K, 99% used [0x00000000d5980000,0x00000000d5a7f520,0x00000000d5a80000)
  to   space 3072K, 0% used [0x00000000d5b80000,0x00000000d5b80000,0x00000000d5e80000)
 ParOldGen       total 692736K, used 270305K [0x0000000080000000, 0x00000000aa480000, 0x00000000d5580000)
  object space 692736K, 39% used [0x0000000080000000,0x00000000907f8530,0x00000000aa480000)
 Metaspace       used 76096K, committed 77440K, reserved 1179648K
  class space    used 7747K, committed 8320K, reserved 1048576K
}
Event: 18185.769 GC heap before
{Heap before GC invocations=1294 (full 4):
 PSYoungGen      total 4096K, used 4093K [0x00000000d5580000, 0x00000000d5e80000, 0x0000000100000000)
  eden space 3072K, 100% used [0x00000000d5580000,0x00000000d5880000,0x00000000d5880000)
  from space 1024K, 99% used [0x00000000d5980000,0x00000000d5a7f520,0x00000000d5a80000)
  to   space 3072K, 0% used [0x00000000d5b80000,0x00000000d5b80000,0x00000000d5e80000)
 ParOldGen       total 692736K, used 270305K [0x0000000080000000, 0x00000000aa480000, 0x00000000d5580000)
  object space 692736K, 39% used [0x0000000080000000,0x00000000907f8530,0x00000000aa480000)
 Metaspace       used 76096K, committed 77440K, reserved 1179648K
  class space    used 7747K, committed 8320K, reserved 1048576K
}
Event: 18185.772 GC heap after
{Heap after GC invocations=1294 (full 4):
 PSYoungGen      total 6144K, used 1501K [0x00000000d5580000, 0x00000000d5d80000, 0x0000000100000000)
  eden space 4096K, 0% used [0x00000000d5580000,0x00000000d5580000,0x00000000d5980000)
  from space 2048K, 73% used [0x00000000d5b80000,0x00000000d5cf7520,0x00000000d5d80000)
  to   space 2048K, 0% used [0x00000000d5980000,0x00000000d5980000,0x00000000d5b80000)
 ParOldGen       total 692736K, used 270313K [0x0000000080000000, 0x00000000aa480000, 0x00000000d5580000)
  object space 692736K, 39% used [0x0000000080000000,0x00000000907fa530,0x00000000aa480000)
 Metaspace       used 76096K, committed 77440K, reserved 1179648K
  class space    used 7747K, committed 8320K, reserved 1048576K
}
Event: 18185.782 GC heap before
{Heap before GC invocations=1295 (full 4):
 PSYoungGen      total 6144K, used 5597K [0x00000000d5580000, 0x00000000d5d80000, 0x0000000100000000)
  eden space 4096K, 100% used [0x00000000d5580000,0x00000000d5980000,0x00000000d5980000)
  from space 2048K, 73% used [0x00000000d5b80000,0x00000000d5cf7520,0x00000000d5d80000)
  to   space 2048K, 0% used [0x00000000d5980000,0x00000000d5980000,0x00000000d5b80000)
 ParOldGen       total 692736K, used 270313K [0x0000000080000000, 0x00000000aa480000, 0x00000000d5580000)
  object space 692736K, 39% used [0x0000000080000000,0x00000000907fa530,0x00000000aa480000)
 Metaspace       used 76096K, committed 77440K, reserved 1179648K
  class space    used 7747K, committed 8320K, reserved 1048576K
}
Event: 18185.785 GC heap after
{Heap after GC invocations=1295 (full 4):
 PSYoungGen      total 6144K, used 1885K [0x00000000d5580000, 0x00000000d5e80000, 0x0000000100000000)
  eden space 4096K, 0% used [0x00000000d5580000,0x00000000d5580000,0x00000000d5980000)
  from space 2048K, 92% used [0x00000000d5980000,0x00000000d5b57520,0x00000000d5b80000)
  to   space 2048K, 0% used [0x00000000d5c80000,0x00000000d5c80000,0x00000000d5e80000)
 ParOldGen       total 692736K, used 270702K [0x0000000080000000, 0x00000000aa480000, 0x00000000d5580000)
  object space 692736K, 39% used [0x0000000080000000,0x000000009085b9b0,0x00000000aa480000)
 Metaspace       used 76096K, committed 77440K, reserved 1179648K
  class space    used 7747K, committed 8320K, reserved 1048576K
}

